Unity Editor version:    2022.3.16f1 (d2c21f0ef2f1)
Branch:                  2022.3/staging
Build type:              Release
Batch mode:              YES
macOS version:           Version 13.6.3 (Build 22G436)
Darwin version:          22.6.0
Architecture:            x86_64
Running under Rosetta:   YES
Available memory:        16384 MB
Using pre-set license
Pro License: YES

COMMAND LINE ARGUMENTS:
/Applications/Unity/Hub/Editor/2022.3.16f1/Unity.app/Contents/MacOS/Unity
-adb2
-batchMode
-noUpm
-name
AssetImportWorker1
-projectPath
/Users/davidwang/Documents/GitHub/CTIN489-Project
-logFile
Logs/AssetImportWorker1.log
-srvPort
53339
Successfully changed project path to: /Users/davidwang/Documents/GitHub/CTIN489-Project
/Users/davidwang/Documents/GitHub/CTIN489-Project
[UnityMemory] Configuration Parameters - Can be set up in boot.config
    "memorysetup-bucket-allocator-granularity=16"
    "memorysetup-bucket-allocator-bucket-count=8"
    "memorysetup-bucket-allocator-block-size=33554432"
    "memorysetup-bucket-allocator-block-count=8"
    "memorysetup-main-allocator-block-size=16777216"
    "memorysetup-thread-allocator-block-size=16777216"
    "memorysetup-gfx-main-allocator-block-size=16777216"
    "memorysetup-gfx-thread-allocator-block-size=16777216"
    "memorysetup-cache-allocator-block-size=4194304"
    "memorysetup-typetree-allocator-block-size=2097152"
    "memorysetup-profiler-bucket-allocator-granularity=16"
    "memorysetup-profiler-bucket-allocator-bucket-count=8"
    "memorysetup-profiler-bucket-allocator-block-size=33554432"
    "memorysetup-profiler-bucket-allocator-block-count=8"
    "memorysetup-profiler-allocator-block-size=16777216"
    "memorysetup-profiler-editor-allocator-block-size=1048576"
    "memorysetup-temp-allocator-size-main=16777216"
    "memorysetup-job-temp-allocator-block-size=2097152"
    "memorysetup-job-temp-allocator-block-size-background=1048576"
    "memorysetup-job-temp-allocator-reduction-small-platforms=262144"
    "memorysetup-allocator-temp-initial-block-size-main=262144"
    "memorysetup-allocator-temp-initial-block-size-worker=262144"
    "memorysetup-temp-allocator-size-background-worker=32768"
    "memorysetup-temp-allocator-size-job-worker=262144"
    "memorysetup-temp-allocator-size-preload-manager=33554432"
    "memorysetup-temp-allocator-size-nav-mesh-worker=65536"
    "memorysetup-temp-allocator-size-audio-worker=65536"
    "memorysetup-temp-allocator-size-cloud-worker=32768"
    "memorysetup-temp-allocator-size-gi-baking-worker=262144"
    "memorysetup-temp-allocator-size-gfx=262144"
Player connection [8719962752] Host "[IP] 10.25.195.116 [Port] 0 [Flags] 2 [Guid] 3102651173 [EditorId] 3102651173 [Version] 1048832 [Id] OSXEditor(0,DaviddeMacBook-Pro.local) [Debug] 1 [PackageName] OSXEditor [ProjectName] Editor" joined multi-casting on [225.0.0.222:54997]...

Player connection [8719962752] Host "[IP] 10.25.195.116 [Port] 0 [Flags] 2 [Guid] 3102651173 [EditorId] 3102651173 [Version] 1048832 [Id] OSXEditor(0,DaviddeMacBook-Pro.local) [Debug] 1 [PackageName] OSXEditor [ProjectName] Editor" joined alternative multi-casting on [225.0.0.222:34997]...

[Physics::Module] Initialized MultithreadedJobDispatcher with 9 workers.
Refreshing native plugins compatible for Editor in 1.29 ms, found 0 plugins.
Preloading 0 native plugins for Editor in 0.00 ms.
Initialize engine version: 2022.3.16f1 (d2c21f0ef2f1)
[Subsystems] Discovering subsystems at path /Applications/Unity/Hub/Editor/2022.3.16f1/Unity.app/Contents/Resources/UnitySubsystems
[Subsystems] Discovering subsystems at path /Users/davidwang/Documents/GitHub/CTIN489-Project/Assets
GfxDevice: creating device client; threaded=0; jobified=0
 preferred device: Apple M1 Pro (high power)
Metal devices available: 1
0: Apple M1 Pro (high power)
Using device Apple M1 Pro (high power)
Initializing Metal device caps: Apple M1 Pro
Initialize mono
Mono path[0] = '/Applications/Unity/Hub/Editor/2022.3.16f1/Unity.app/Contents/Managed'
Mono path[1] = '/Applications/Unity/Hub/Editor/2022.3.16f1/Unity.app/Contents/MonoBleedingEdge/lib/mono/unityjit-macos'
Mono config path = '/Applications/Unity/Hub/Editor/2022.3.16f1/Unity.app/Contents/MonoBleedingEdge/etc'
Using monoOptions --debugger-agent=transport=dt_socket,embedding=1,server=y,suspend=n,address=127.0.0.1:56507
Begin MonoManager ReloadAssembly
Registering precompiled unity dll's ...
Register platform support module: /Applications/Unity/Hub/Editor/2022.3.16f1/Unity.app/Contents/PlaybackEngines/MacStandaloneSupport/UnityEditor.OSXStandalone.Extensions.dll
Register platform support module: /Applications/Unity/Hub/Editor/2022.3.16f1/PlaybackEngines/AndroidPlayer/UnityEditor.Android.Extensions.dll
Register platform support module: /Applications/Unity/Hub/Editor/2022.3.16f1/PlaybackEngines/iOSSupport/UnityEditor.iOS.Extensions.dll
Registered in 0.002712 seconds.
- Loaded All Assemblies, in  0.633 seconds
[usbmuxd] Start listen thread
[usbmuxd] Listen thread started
[usbmuxd] Send listen message
Native extension for iOS target not found
Native extension for Android target not found
Multiple ADB server instances found, the following ADB server instance have been terminated due to being run from another SDK. Process paths: 
/Applications/Unity/Hub/Editor/2022.3.3f1/PlaybackEngines/AndroidPlayer/SDK/platform-tools/adb
UnityEngine.StackTraceUtility:ExtractStackTrace () (at /Users/bokken/build/output/unity/unity/Runtime/Export/Scripting/StackTrace.cs:37)
UnityEngine.DebugLogHandler:LogFormat (UnityEngine.LogType,UnityEngine.Object,string,object[])
UnityEngine.Logger:Log (UnityEngine.LogType,object)
UnityEngine.Debug:Log (object)
UnityEditor.Android.AndroidDeploymentTargetsExtension:GetKnownTargets (UnityEditor.DeploymentTargets.IDeploymentTargetsMainThreadContext,UnityEditor.ProgressHandler)
UnityEditor.Android.TargetScanWorker:ScanSync ()
UnityEditor.Android.TargetExtension:OnUsbDevicesChanged (UnityEditor.Hardware.UsbDevice[])
UnityEditor.Android.TargetExtension:OnLoad ()
UnityEditor.Modules.ModuleManager:InitializePlatformSupportModules () (at /Users/bokken/build/output/unity/unity/Editor/Mono/Modules/ModuleManager.cs:147)

(Filename: /Users/bokken/build/output/unity/unity/Editor/Mono/Modules/ModuleManager.cs Line: 147)

Android Extension - Scanning For ADB Devices 385 ms
Native extension for OSXStandalone target not found
Mono: successfully reloaded assembly
- Finished resetting the current domain, in  1.599 seconds
Domain Reload Profiling: 2233ms
	BeginReloadAssembly (234ms)
		ExecutionOrderSort (0ms)
		DisableScriptedObjects (0ms)
		BackupInstance (0ms)
		ReleaseScriptingObjects (0ms)
		CreateAndSetChildDomain (4ms)
	RebuildCommonClasses (45ms)
	RebuildNativeTypeToScriptingClass (12ms)
	initialDomainReloadingComplete (148ms)
	LoadAllAssembliesAndSetupDomain (194ms)
		LoadAssemblies (232ms)
		RebuildTransferFunctionScriptingTraits (0ms)
		AnalyzeDomain (189ms)
			TypeCache.Refresh (186ms)
				TypeCache.ScanAssembly (170ms)
			ScanForSourceGeneratedMonoScriptInfo (1ms)
			ResolveRequiredComponents (2ms)
	FinalizeReload (1600ms)
		ReleaseScriptCaches (0ms)
		RebuildScriptCaches (0ms)
		SetupLoadedEditorAssemblies (1463ms)
			LogAssemblyErrors (0ms)
			InitializePlatformSupportModulesInManaged (835ms)
			SetLoadedEditorAssemblies (11ms)
			RefreshPlugins (0ms)
			BeforeProcessingInitializeOnLoad (10ms)
			ProcessInitializeOnLoadAttributes (414ms)
			ProcessInitializeOnLoadMethodAttributes (193ms)
			AfterProcessingInitializeOnLoad (0ms)
			EditorAssembliesLoaded (0ms)
		ExecutionOrderSort2 (0ms)
		AwakeInstancesAfterBackupRestoration (0ms)
========================================================================
Worker process is ready to serve import requests
Begin MonoManager ReloadAssembly
- Loaded All Assemblies, in  1.008 seconds
Refreshing native plugins compatible for Editor in 0.53 ms, found 0 plugins.
Native extension for iOS target not found
Native extension for Android target not found
Native extension for OSXStandalone target not found
Mono: successfully reloaded assembly
- Finished resetting the current domain, in  1.890 seconds
Domain Reload Profiling: 2901ms
	BeginReloadAssembly (305ms)
		ExecutionOrderSort (0ms)
		DisableScriptedObjects (37ms)
		BackupInstance (0ms)
		ReleaseScriptingObjects (0ms)
		CreateAndSetChildDomain (36ms)
	RebuildCommonClasses (44ms)
	RebuildNativeTypeToScriptingClass (12ms)
	initialDomainReloadingComplete (140ms)
	LoadAllAssembliesAndSetupDomain (508ms)
		LoadAssemblies (457ms)
		RebuildTransferFunctionScriptingTraits (0ms)
		AnalyzeDomain (196ms)
			TypeCache.Refresh (118ms)
				TypeCache.ScanAssembly (101ms)
			ScanForSourceGeneratedMonoScriptInfo (46ms)
			ResolveRequiredComponents (32ms)
	FinalizeReload (1892ms)
		ReleaseScriptCaches (0ms)
		RebuildScriptCaches (0ms)
		SetupLoadedEditorAssemblies (1454ms)
			LogAssemblyErrors (0ms)
			InitializePlatformSupportModulesInManaged (112ms)
			SetLoadedEditorAssemblies (8ms)
			RefreshPlugins (0ms)
			BeforeProcessingInitializeOnLoad (131ms)
			ProcessInitializeOnLoadAttributes (962ms)
			ProcessInitializeOnLoadMethodAttributes (241ms)
			AfterProcessingInitializeOnLoad (1ms)
			EditorAssembliesLoaded (0ms)
		ExecutionOrderSort2 (0ms)
		AwakeInstancesAfterBackupRestoration (9ms)
Launching external process: /Applications/Unity/Hub/Editor/2022.3.16f1/Unity.app/Contents/Tools/UnityShaderCompiler
Launched and connected shader compiler UnityShaderCompiler after 0.09 seconds
Refreshing native plugins compatible for Editor in 0.48 ms, found 0 plugins.
Preloading 0 native plugins for Editor in 0.00 ms.
Unloading 3391 Unused Serialized files (Serialized files now loaded: 0)
Unloading 152 unused Assets / (6.1 MB). Loaded Objects now: 3783.
Memory consumption went from 172.9 MB to 166.8 MB.
Total: 5.905000 ms (FindLiveObjects: 0.230750 ms CreateObjectMapping: 0.097959 ms MarkObjects: 2.714791 ms  DeleteObjects: 2.860084 ms)

AssetImportParameters requested are different than current active one (requested -> active):
  custom:container-demuxer-ogg: 62fdf1f143b41e24485cea50d1cbac27 -> 
  custom:video-decoder-ogg-theora: a1e56fd34408186e4bbccfd4996cb3dc -> 
  custom:CustomObjectIndexerAttribute: 4d1d7186bcbbfe361de5f0ad951e585c -> 
  custom:container-demuxer-webm: 4f35f7cbe854078d1ac9338744f61a02 -> 
  custom:container-muxer-webm: aa71ff27fc2769a1b78a27578f13a17b -> 
  custom:video-decoder-webm-vp8: 9c59270c3fd7afecdb556c50c9e8de78 -> 
  custom:SearchIndexIgnoredProperties: e643bd26f0fe6173181afceb89e7c659 -> 
  custom:AudioImporter_EditorPlatform: 3918e3fc78b5a79bad01e8451be0beb8 -> 
  custom:framework-osx-AVFoundation: e770b220cccbd017edd2c1fefb359320 -> 
  custom:video-encoder-webm-vp8: eb34c28f22e8b96e1ab97ce403110664 -> 
  custom:audio-decoder-ogg-vorbis: bf7c407c2cedff20999df2af8eb42d56 -> 
  custom:audio-encoder-webm-vorbis: bf7c407c2cedff20999df2af8eb42d56 -> 
========================================================================
Received Import Request.
  Time since last request: 8191.957775 seconds.
  path: Assets/Scripts/PlayerMovement.cs
  artifactKey: Guid(c1272d6ce3ea7484883d54bc5c6a0c9b) Importer(815301076,1909f56bfc062723c751e8b465ee728b)
Start importing Assets/Scripts/PlayerMovement.cs using Guid(c1272d6ce3ea7484883d54bc5c6a0c9b) Importer(815301076,1909f56bfc062723c751e8b465ee728b)  -> (artifact id: '952fb6c23a28638ddc12cdf0d0b6bc5c') in 0.004144 seconds
Number of updated asset objects reloaded before import = 0
Number of asset objects unloaded after import = 0
========================================================================
Received Prepare
Begin MonoManager ReloadAssembly
- Loaded All Assemblies, in  0.708 seconds
Refreshing native plugins compatible for Editor in 0.50 ms, found 0 plugins.
Native extension for iOS target not found
Native extension for Android target not found
Native extension for OSXStandalone target not found
Mono: successfully reloaded assembly
- Finished resetting the current domain, in  2.026 seconds
Domain Reload Profiling: 2735ms
	BeginReloadAssembly (261ms)
		ExecutionOrderSort (0ms)
		DisableScriptedObjects (32ms)
		BackupInstance (0ms)
		ReleaseScriptingObjects (0ms)
		CreateAndSetChildDomain (39ms)
	RebuildCommonClasses (43ms)
	RebuildNativeTypeToScriptingClass (12ms)
	initialDomainReloadingComplete (67ms)
	LoadAllAssembliesAndSetupDomain (324ms)
		LoadAssemblies (387ms)
		RebuildTransferFunctionScriptingTraits (0ms)
		AnalyzeDomain (66ms)
			TypeCache.Refresh (8ms)
				TypeCache.ScanAssembly (1ms)
			ScanForSourceGeneratedMonoScriptInfo (29ms)
			ResolveRequiredComponents (29ms)
	FinalizeReload (2027ms)
		ReleaseScriptCaches (0ms)
		RebuildScriptCaches (0ms)
		SetupLoadedEditorAssemblies (1342ms)
			LogAssemblyErrors (0ms)
			InitializePlatformSupportModulesInManaged (105ms)
			SetLoadedEditorAssemblies (38ms)
			RefreshPlugins (0ms)
			BeforeProcessingInitializeOnLoad (127ms)
			ProcessInitializeOnLoadAttributes (831ms)
			ProcessInitializeOnLoadMethodAttributes (240ms)
			AfterProcessingInitializeOnLoad (1ms)
			EditorAssembliesLoaded (0ms)
		ExecutionOrderSort2 (0ms)
		AwakeInstancesAfterBackupRestoration (9ms)
Refreshing native plugins compatible for Editor in 0.48 ms, found 0 plugins.
Preloading 0 native plugins for Editor in 0.00 ms.
Unloading 3363 Unused Serialized files (Serialized files now loaded: 0)
Unloading 111 unused Assets / (6.2 MB). Loaded Objects now: 3798.
Memory consumption went from 171.9 MB to 165.7 MB.
Total: 5.554792 ms (FindLiveObjects: 0.188125 ms CreateObjectMapping: 0.091583 ms MarkObjects: 2.438250 ms  DeleteObjects: 2.835959 ms)

Prepare: number of updated asset objects reloaded= 0
AssetImportParameters requested are different than current active one (requested -> active):
  custom:container-demuxer-ogg: 62fdf1f143b41e24485cea50d1cbac27 -> 
  custom:video-decoder-ogg-theora: a1e56fd34408186e4bbccfd4996cb3dc -> 
  custom:CustomObjectIndexerAttribute: 4d1d7186bcbbfe361de5f0ad951e585c -> 
  custom:container-demuxer-webm: 4f35f7cbe854078d1ac9338744f61a02 -> 
  custom:container-muxer-webm: aa71ff27fc2769a1b78a27578f13a17b -> 
  custom:video-decoder-webm-vp8: 9c59270c3fd7afecdb556c50c9e8de78 -> 
  custom:SearchIndexIgnoredProperties: e643bd26f0fe6173181afceb89e7c659 -> 
  custom:AudioImporter_EditorPlatform: 3918e3fc78b5a79bad01e8451be0beb8 -> 
  custom:framework-osx-AVFoundation: e770b220cccbd017edd2c1fefb359320 -> 
  custom:video-encoder-webm-vp8: eb34c28f22e8b96e1ab97ce403110664 -> 
  custom:audio-decoder-ogg-vorbis: bf7c407c2cedff20999df2af8eb42d56 -> 
  custom:audio-encoder-webm-vorbis: bf7c407c2cedff20999df2af8eb42d56 -> 
========================================================================
Received Import Request.
  Time since last request: 60.535541 seconds.
  path: Assets/SoundPacks/Footsteps sounds PRO/footstepDirt_02.wav
  artifactKey: Guid(807d5a98bd6b7f94b8af4d2a48700e57) Importer(815301076,1909f56bfc062723c751e8b465ee728b)
Start importing Assets/SoundPacks/Footsteps sounds PRO/footstepDirt_02.wav using Guid(807d5a98bd6b7f94b8af4d2a48700e57) Importer(815301076,1909f56bfc062723c751e8b465ee728b)  -> (artifact id: '3cc83344e08f179f13c9aca5dfc2ac94') in 0.216590 seconds
Number of updated asset objects reloaded before import = 0
Number of asset objects unloaded after import = 2
========================================================================
Received Import Request.
  Time since last request: 0.000045 seconds.
  path: Assets/SoundPacks/Footsteps sounds PRO/footstepMetal_01.wav
  artifactKey: Guid(04efc12c0befb104187ff821791635bd) Importer(815301076,1909f56bfc062723c751e8b465ee728b)
Start importing Assets/SoundPacks/Footsteps sounds PRO/footstepMetal_01.wav using Guid(04efc12c0befb104187ff821791635bd) Importer(815301076,1909f56bfc062723c751e8b465ee728b)  -> (artifact id: 'c458e63277a43858ce166d1fe33a2449') in 0.010183 seconds
Number of updated asset objects reloaded before import = 0
Number of asset objects unloaded after import = 2
========================================================================
Received Import Request.
  Time since last request: 0.001572 seconds.
  path: Assets/SoundPacks/Footsteps sounds PRO/footstepRock_04.wav
  artifactKey: Guid(e29e307e812c3764aa13fc497f0ca2de) Importer(815301076,1909f56bfc062723c751e8b465ee728b)
Start importing Assets/SoundPacks/Footsteps sounds PRO/footstepRock_04.wav using Guid(e29e307e812c3764aa13fc497f0ca2de) Importer(815301076,1909f56bfc062723c751e8b465ee728b)  -> (artifact id: '5787d25bf92d418434f7172be0f7b019') in 0.009315 seconds
Number of updated asset objects reloaded before import = 0
Number of asset objects unloaded after import = 2
========================================================================
Received Import Request.
  Time since last request: 0.000039 seconds.
  path: Assets/SoundPacks/Footsteps sounds PRO/footstepRock_01.wav
  artifactKey: Guid(8d1082c10ae2c94458d4557be4a62dc0) Importer(815301076,1909f56bfc062723c751e8b465ee728b)
Start importing Assets/SoundPacks/Footsteps sounds PRO/footstepRock_01.wav using Guid(8d1082c10ae2c94458d4557be4a62dc0) Importer(815301076,1909f56bfc062723c751e8b465ee728b)  -> (artifact id: '46273ea690ed48cfaab0e352ef617bcd') in 0.007607 seconds
Number of updated asset objects reloaded before import = 0
Number of asset objects unloaded after import = 2
========================================================================
Received Import Request.
  Time since last request: 0.000214 seconds.
  path: Assets/SoundPacks/Footsteps sounds PRO/footstepRock_06.wav
  artifactKey: Guid(a74177b9bab227741ab9be4b882eec33) Importer(815301076,1909f56bfc062723c751e8b465ee728b)
Start importing Assets/SoundPacks/Footsteps sounds PRO/footstepRock_06.wav using Guid(a74177b9bab227741ab9be4b882eec33) Importer(815301076,1909f56bfc062723c751e8b465ee728b)  -> (artifact id: '6f24e79d288efc4d9d177479daa238bd') in 0.009822 seconds
Number of updated asset objects reloaded before import = 0
Number of asset objects unloaded after import = 2
========================================================================
Received Import Request.
  Time since last request: 0.000072 seconds.
  path: Assets/SoundPacks/Footsteps sounds PRO/footstepMetal_03.wav
  artifactKey: Guid(0cf0b6dfe23cc2c43ac4a0bf64ae807c) Importer(815301076,1909f56bfc062723c751e8b465ee728b)
Start importing Assets/SoundPacks/Footsteps sounds PRO/footstepMetal_03.wav using Guid(0cf0b6dfe23cc2c43ac4a0bf64ae807c) Importer(815301076,1909f56bfc062723c751e8b465ee728b)  -> (artifact id: '164682f233600520516e81cf40d9aa55') in 0.006865 seconds
Number of updated asset objects reloaded before import = 0
Number of asset objects unloaded after import = 2
========================================================================
Received Import Request.
  Time since last request: 0.000077 seconds.
  path: Assets/SoundPacks/Footsteps sounds PRO/footstepMetal_04.wav
  artifactKey: Guid(7d74007b204c7f24e8d57cf01f2401a1) Importer(815301076,1909f56bfc062723c751e8b465ee728b)
Start importing Assets/SoundPacks/Footsteps sounds PRO/footstepMetal_04.wav using Guid(7d74007b204c7f24e8d57cf01f2401a1) Importer(815301076,1909f56bfc062723c751e8b465ee728b)  -> (artifact id: 'befeb660c1432a78037082566d3d2cf7') in 0.006206 seconds
Number of updated asset objects reloaded before import = 0
Number of asset objects unloaded after import = 2
========================================================================
Received Import Request.
  Time since last request: 0.000051 seconds.
  path: Assets/SoundPacks/Footsteps sounds PRO/footstepFoliage_05.wav
  artifactKey: Guid(12408bcf0dc4ee94795013f3f6818b9f) Importer(815301076,1909f56bfc062723c751e8b465ee728b)
Start importing Assets/SoundPacks/Footsteps sounds PRO/footstepFoliage_05.wav using Guid(12408bcf0dc4ee94795013f3f6818b9f) Importer(815301076,1909f56bfc062723c751e8b465ee728b)  -> (artifact id: '0ca3f77f8e3f79d25d50d96b9587a343') in 0.009048 seconds
Number of updated asset objects reloaded before import = 0
Number of asset objects unloaded after import = 2
========================================================================
Received Import Request.
  Time since last request: 0.000087 seconds.
  path: Assets/SoundPacks/Footsteps sounds PRO/footstepsWater_01.wav
  artifactKey: Guid(7afa0f7f54ef7384c91914fb6423944b) Importer(815301076,1909f56bfc062723c751e8b465ee728b)
Start importing Assets/SoundPacks/Footsteps sounds PRO/footstepsWater_01.wav using Guid(7afa0f7f54ef7384c91914fb6423944b) Importer(815301076,1909f56bfc062723c751e8b465ee728b)  -> (artifact id: 'aabcc1b1d29684f0feb8f2d45fab5ba6') in 0.005805 seconds
Number of updated asset objects reloaded before import = 0
Number of asset objects unloaded after import = 2
========================================================================
Received Import Request.
  Time since last request: 0.000062 seconds.
  path: Assets/SoundPacks/Footsteps sounds PRO/footstepFoliage_01.wav
  artifactKey: Guid(0b6d42ed1dd719f4cacc91a7e5f6b1f9) Importer(815301076,1909f56bfc062723c751e8b465ee728b)
Start importing Assets/SoundPacks/Footsteps sounds PRO/footstepFoliage_01.wav using Guid(0b6d42ed1dd719f4cacc91a7e5f6b1f9) Importer(815301076,1909f56bfc062723c751e8b465ee728b)  -> (artifact id: 'caa1e446bb5b8b340139cfcfb6d7f7d1') in 0.006426 seconds
Number of updated asset objects reloaded before import = 0
Number of asset objects unloaded after import = 2
========================================================================
Received Import Request.
  Time since last request: 0.000066 seconds.
  path: Assets/SoundPacks/Footsteps sounds PRO/footstepRock_02.wav
  artifactKey: Guid(97c58e23d30d1f5458910990004a89fb) Importer(815301076,1909f56bfc062723c751e8b465ee728b)
Start importing Assets/SoundPacks/Footsteps sounds PRO/footstepRock_02.wav using Guid(97c58e23d30d1f5458910990004a89fb) Importer(815301076,1909f56bfc062723c751e8b465ee728b)  -> (artifact id: 'fd041b47ce8977f27c2d0a92f582d022') in 0.008288 seconds
Number of updated asset objects reloaded before import = 0
Number of asset objects unloaded after import = 2
========================================================================
Received Import Request.
  Time since last request: 0.000110 seconds.
  path: Assets/SoundPacks/Footsteps sounds PRO/footstepFoliage_04.wav
  artifactKey: Guid(5c4496bfb05d8154a9e554b6c854343e) Importer(815301076,1909f56bfc062723c751e8b465ee728b)
Start importing Assets/SoundPacks/Footsteps sounds PRO/footstepFoliage_04.wav using Guid(5c4496bfb05d8154a9e554b6c854343e) Importer(815301076,1909f56bfc062723c751e8b465ee728b)  -> (artifact id: 'd04cf92ce448ce497d497f614365094f') in 0.006473 seconds
Number of updated asset objects reloaded before import = 0
Number of asset objects unloaded after import = 2
========================================================================
Received Import Request.
  Time since last request: 0.000105 seconds.
  path: Assets/SoundPacks/Footsteps sounds PRO/footstepRock_03.wav
  artifactKey: Guid(57c7ad437f1f0c14bb2eed70b1bea1cc) Importer(815301076,1909f56bfc062723c751e8b465ee728b)
Start importing Assets/SoundPacks/Footsteps sounds PRO/footstepRock_03.wav using Guid(57c7ad437f1f0c14bb2eed70b1bea1cc) Importer(815301076,1909f56bfc062723c751e8b465ee728b)  -> (artifact id: 'd11728f9cbca3657ed869d0c7ce699ab') in 0.006377 seconds
Number of updated asset objects reloaded before import = 0
Number of asset objects unloaded after import = 2
========================================================================
Received Import Request.
  Time since last request: 0.000104 seconds.
  path: Assets/SoundPacks/Footsteps sounds PRO/footstepsWater_05.wav
  artifactKey: Guid(13507fd560eccf8499889e8bdb71f534) Importer(815301076,1909f56bfc062723c751e8b465ee728b)
Start importing Assets/SoundPacks/Footsteps sounds PRO/footstepsWater_05.wav using Guid(13507fd560eccf8499889e8bdb71f534) Importer(815301076,1909f56bfc062723c751e8b465ee728b)  -> (artifact id: '2355ca431da20b1e2489a1c7871b4035') in 0.008117 seconds
Number of updated asset objects reloaded before import = 0
Number of asset objects unloaded after import = 2
========================================================================
Received Import Request.
  Time since last request: 0.000093 seconds.
  path: Assets/SoundPacks/Footsteps sounds PRO/footstepMetal_02.wav
  artifactKey: Guid(da8b397afa700b34ba8a08d8f70271d0) Importer(815301076,1909f56bfc062723c751e8b465ee728b)
Start importing Assets/SoundPacks/Footsteps sounds PRO/footstepMetal_02.wav using Guid(da8b397afa700b34ba8a08d8f70271d0) Importer(815301076,1909f56bfc062723c751e8b465ee728b)  -> (artifact id: '0491c881e6614bc4c7382779d135def9') in 0.007925 seconds
Number of updated asset objects reloaded before import = 0
Number of asset objects unloaded after import = 2
========================================================================
Received Prepare
Begin MonoManager ReloadAssembly
- Loaded All Assemblies, in  0.704 seconds
Refreshing native plugins compatible for Editor in 0.77 ms, found 0 plugins.
Native extension for iOS target not found
Native extension for Android target not found
Native extension for OSXStandalone target not found
Mono: successfully reloaded assembly
- Finished resetting the current domain, in  2.050 seconds
Domain Reload Profiling: 2756ms
	BeginReloadAssembly (291ms)
		ExecutionOrderSort (0ms)
		DisableScriptedObjects (41ms)
		BackupInstance (0ms)
		ReleaseScriptingObjects (0ms)
		CreateAndSetChildDomain (43ms)
	RebuildCommonClasses (44ms)
	RebuildNativeTypeToScriptingClass (13ms)
	initialDomainReloadingComplete (69ms)
	LoadAllAssembliesAndSetupDomain (288ms)
		LoadAssemblies (390ms)
		RebuildTransferFunctionScriptingTraits (0ms)
		AnalyzeDomain (36ms)
			TypeCache.Refresh (6ms)
				TypeCache.ScanAssembly (0ms)
			ScanForSourceGeneratedMonoScriptInfo (0ms)
			ResolveRequiredComponents (29ms)
	FinalizeReload (2052ms)
		ReleaseScriptCaches (0ms)
		RebuildScriptCaches (0ms)
		SetupLoadedEditorAssemblies (1329ms)
			LogAssemblyErrors (0ms)
			InitializePlatformSupportModulesInManaged (109ms)
			SetLoadedEditorAssemblies (8ms)
			RefreshPlugins (0ms)
			BeforeProcessingInitializeOnLoad (126ms)
			ProcessInitializeOnLoadAttributes (844ms)
			ProcessInitializeOnLoadMethodAttributes (240ms)
			AfterProcessingInitializeOnLoad (1ms)
			EditorAssembliesLoaded (0ms)
		ExecutionOrderSort2 (0ms)
		AwakeInstancesAfterBackupRestoration (10ms)
Refreshing native plugins compatible for Editor in 0.54 ms, found 0 plugins.
Preloading 0 native plugins for Editor in 0.00 ms.
Unloading 3363 Unused Serialized files (Serialized files now loaded: 0)
Unloading 111 unused Assets / (6.1 MB). Loaded Objects now: 3822.
Memory consumption went from 178.5 MB to 172.5 MB.
Total: 5.628208 ms (FindLiveObjects: 0.237917 ms CreateObjectMapping: 0.095916 ms MarkObjects: 2.428875 ms  DeleteObjects: 2.864667 ms)

Prepare: number of updated asset objects reloaded= 0
AssetImportParameters requested are different than current active one (requested -> active):
  custom:container-demuxer-ogg: 62fdf1f143b41e24485cea50d1cbac27 -> 
  custom:video-decoder-ogg-theora: a1e56fd34408186e4bbccfd4996cb3dc -> 
  custom:CustomObjectIndexerAttribute: 4d1d7186bcbbfe361de5f0ad951e585c -> 
  custom:container-demuxer-webm: 4f35f7cbe854078d1ac9338744f61a02 -> 
  custom:container-muxer-webm: aa71ff27fc2769a1b78a27578f13a17b -> 
  custom:video-decoder-webm-vp8: 9c59270c3fd7afecdb556c50c9e8de78 -> 
  custom:SearchIndexIgnoredProperties: e643bd26f0fe6173181afceb89e7c659 -> 
  custom:AudioImporter_EditorPlatform: 3918e3fc78b5a79bad01e8451be0beb8 -> 
  custom:framework-osx-AVFoundation: e770b220cccbd017edd2c1fefb359320 -> 
  custom:video-encoder-webm-vp8: eb34c28f22e8b96e1ab97ce403110664 -> 
  custom:audio-decoder-ogg-vorbis: bf7c407c2cedff20999df2af8eb42d56 -> 
  custom:audio-encoder-webm-vorbis: bf7c407c2cedff20999df2af8eb42d56 -> 
========================================================================
Received Import Request.
  Time since last request: 69.215913 seconds.
  path: Assets/SoundPacks/Footsteps sounds PRO/footstepWood2_03.wav
  artifactKey: Guid(bed04aa218b7db844b8177436ecdd94e) Importer(815301076,1909f56bfc062723c751e8b465ee728b)
Start importing Assets/SoundPacks/Footsteps sounds PRO/footstepWood2_03.wav using Guid(bed04aa218b7db844b8177436ecdd94e) Importer(815301076,1909f56bfc062723c751e8b465ee728b)  -> (artifact id: 'c0c8652e8211b34ae3de778df149ea8b') in 0.121054 seconds
Number of updated asset objects reloaded before import = 0
Number of asset objects unloaded after import = 2
========================================================================
Received Import Request.
  Time since last request: 0.000060 seconds.
  path: Assets/SoundPacks/Footsteps sounds PRO/footstepWood2_04.wav
  artifactKey: Guid(566332f53817c12439315c2292b0e894) Importer(815301076,1909f56bfc062723c751e8b465ee728b)
Start importing Assets/SoundPacks/Footsteps sounds PRO/footstepWood2_04.wav using Guid(566332f53817c12439315c2292b0e894) Importer(815301076,1909f56bfc062723c751e8b465ee728b)  -> (artifact id: '621b867c12c3323faea7d2ec503d6713') in 0.012617 seconds
Number of updated asset objects reloaded before import = 0
Number of asset objects unloaded after import = 2
