Unity Editor version:    2022.3.16f1 (d2c21f0ef2f1)
Branch:                  2022.3/staging
Build type:              Release
Batch mode:              YES
macOS version:           Version 13.6.3 (Build 22G436)
Darwin version:          22.6.0
Architecture:            x86_64
Running under Rosetta:   YES
Available memory:        16384 MB
Using pre-set license
Pro License: YES

COMMAND LINE ARGUMENTS:
/Applications/Unity/Hub/Editor/2022.3.16f1/Unity.app/Contents/MacOS/Unity
-adb2
-batchMode
-noUpm
-name
AssetImportWorker0
-projectPath
/Users/davidwang/Documents/GitHub/CTIN489-Project
-logFile
Logs/AssetImportWorker0.log
-srvPort
53339
Successfully changed project path to: /Users/davidwang/Documents/GitHub/CTIN489-Project
/Users/davidwang/Documents/GitHub/CTIN489-Project
[UnityMemory] Configuration Parameters - Can be set up in boot.config
    "memorysetup-bucket-allocator-granularity=16"
    "memorysetup-bucket-allocator-bucket-count=8"
    "memorysetup-bucket-allocator-block-size=33554432"
    "memorysetup-bucket-allocator-block-count=8"
    "memorysetup-main-allocator-block-size=16777216"
    "memorysetup-thread-allocator-block-size=16777216"
    "memorysetup-gfx-main-allocator-block-size=16777216"
    "memorysetup-gfx-thread-allocator-block-size=16777216"
    "memorysetup-cache-allocator-block-size=4194304"
    "memorysetup-typetree-allocator-block-size=2097152"
    "memorysetup-profiler-bucket-allocator-granularity=16"
    "memorysetup-profiler-bucket-allocator-bucket-count=8"
    "memorysetup-profiler-bucket-allocator-block-size=33554432"
    "memorysetup-profiler-bucket-allocator-block-count=8"
    "memorysetup-profiler-allocator-block-size=16777216"
    "memorysetup-profiler-editor-allocator-block-size=1048576"
    "memorysetup-temp-allocator-size-main=16777216"
    "memorysetup-job-temp-allocator-block-size=2097152"
    "memorysetup-job-temp-allocator-block-size-background=1048576"
    "memorysetup-job-temp-allocator-reduction-small-platforms=262144"
    "memorysetup-allocator-temp-initial-block-size-main=262144"
    "memorysetup-allocator-temp-initial-block-size-worker=262144"
    "memorysetup-temp-allocator-size-background-worker=32768"
    "memorysetup-temp-allocator-size-job-worker=262144"
    "memorysetup-temp-allocator-size-preload-manager=33554432"
    "memorysetup-temp-allocator-size-nav-mesh-worker=65536"
    "memorysetup-temp-allocator-size-audio-worker=65536"
    "memorysetup-temp-allocator-size-cloud-worker=32768"
    "memorysetup-temp-allocator-size-gi-baking-worker=262144"
    "memorysetup-temp-allocator-size-gfx=262144"
Player connection [8783159936] Host "[IP] 10.25.195.116 [Port] 0 [Flags] 2 [Guid] 463091024 [EditorId] 463091024 [Version] 1048832 [Id] OSXEditor(0,DaviddeMacBook-Pro.local) [Debug] 1 [PackageName] OSXEditor [ProjectName] Editor" joined multi-casting on [225.0.0.222:54997]...

Player connection [8783159936] Host "[IP] 10.25.195.116 [Port] 0 [Flags] 2 [Guid] 463091024 [EditorId] 463091024 [Version] 1048832 [Id] OSXEditor(0,DaviddeMacBook-Pro.local) [Debug] 1 [PackageName] OSXEditor [ProjectName] Editor" joined alternative multi-casting on [225.0.0.222:34997]...

[Physics::Module] Initialized MultithreadedJobDispatcher with 9 workers.
Refreshing native plugins compatible for Editor in 5.61 ms, found 0 plugins.
Preloading 0 native plugins for Editor in 0.00 ms.
Initialize engine version: 2022.3.16f1 (d2c21f0ef2f1)
[Subsystems] Discovering subsystems at path /Applications/Unity/Hub/Editor/2022.3.16f1/Unity.app/Contents/Resources/UnitySubsystems
[Subsystems] Discovering subsystems at path /Users/davidwang/Documents/GitHub/CTIN489-Project/Assets
GfxDevice: creating device client; threaded=0; jobified=0
 preferred device: Apple M1 Pro (high power)
Metal devices available: 1
0: Apple M1 Pro (high power)
Using device Apple M1 Pro (high power)
Initializing Metal device caps: Apple M1 Pro
Initialize mono
Mono path[0] = '/Applications/Unity/Hub/Editor/2022.3.16f1/Unity.app/Contents/Managed'
Mono path[1] = '/Applications/Unity/Hub/Editor/2022.3.16f1/Unity.app/Contents/MonoBleedingEdge/lib/mono/unityjit-macos'
Mono config path = '/Applications/Unity/Hub/Editor/2022.3.16f1/Unity.app/Contents/MonoBleedingEdge/etc'
Using monoOptions --debugger-agent=transport=dt_socket,embedding=1,server=y,suspend=n,address=127.0.0.1:56505
Begin MonoManager ReloadAssembly
Registering precompiled unity dll's ...
Register platform support module: /Applications/Unity/Hub/Editor/2022.3.16f1/Unity.app/Contents/PlaybackEngines/MacStandaloneSupport/UnityEditor.OSXStandalone.Extensions.dll
Register platform support module: /Applications/Unity/Hub/Editor/2022.3.16f1/PlaybackEngines/AndroidPlayer/UnityEditor.Android.Extensions.dll
Register platform support module: /Applications/Unity/Hub/Editor/2022.3.16f1/PlaybackEngines/iOSSupport/UnityEditor.iOS.Extensions.dll
Registered in 0.004505 seconds.
- Loaded All Assemblies, in  0.635 seconds
[usbmuxd] Start listen thread
[usbmuxd] Listen thread started
[usbmuxd] Send listen message
Native extension for iOS target not found
Native extension for Android target not found
InvalidOperationException: Cannot process request because the process (13460) has exited.
  at System.Diagnostics.Process.GetProcessHandle (System.Int32 access, System.Boolean throwIfExited) [0x0004e] in <91368e029aa94d58b00b248ac7c83368>:0 
  at System.Diagnostics.Process.GetProcessHandle (System.Int32 access) [0x00000] in <91368e029aa94d58b00b248ac7c83368>:0 
  at System.Diagnostics.Process.Kill () [0x00002] in <91368e029aa94d58b00b248ac7c83368>:0 
  at (wrapper remoting-invoke-with-check) System.Diagnostics.Process.Kill()
  at UnityEditor.Android.AndroidDeploymentTargetsExtension.GetKnownTargets (UnityEditor.DeploymentTargets.IDeploymentTargetsMainThreadContext context, UnityEditor.ProgressHandler progressHandler) [0x0014a] in <c3a7a35f684a4e72b8a6533d8c702ad7>:0 
  at UnityEditor.Android.TargetScanWorker.ScanSync () [0x00039] in <c3a7a35f684a4e72b8a6533d8c702ad7>:0 
  at UnityEditor.Android.TargetExtension.OnUsbDevicesChanged (UnityEditor.Hardware.UsbDevice[] usbDevices) [0x00081] in <c3a7a35f684a4e72b8a6533d8c702ad7>:0 
  at UnityEditor.Android.TargetExtension.OnLoad () [0x000ad] in <c3a7a35f684a4e72b8a6533d8c702ad7>:0 
  at UnityEditor.Modules.ModuleManager.InitializePlatformSupportModules () [0x0009d] in /Users/bokken/build/output/unity/unity/Editor/Mono/Modules/ModuleManager.cs:147 

(Filename: /Users/bokken/build/output/unity/unity/Editor/Mono/Modules/ModuleManager.cs Line: 147)

Mono: successfully reloaded assembly
- Finished resetting the current domain, in  1.407 seconds
Domain Reload Profiling: 2043ms
	BeginReloadAssembly (236ms)
		ExecutionOrderSort (0ms)
		DisableScriptedObjects (0ms)
		BackupInstance (0ms)
		ReleaseScriptingObjects (0ms)
		CreateAndSetChildDomain (3ms)
	RebuildCommonClasses (44ms)
	RebuildNativeTypeToScriptingClass (12ms)
	initialDomainReloadingComplete (146ms)
	LoadAllAssembliesAndSetupDomain (196ms)
		LoadAssemblies (234ms)
		RebuildTransferFunctionScriptingTraits (0ms)
		AnalyzeDomain (190ms)
			TypeCache.Refresh (188ms)
				TypeCache.ScanAssembly (171ms)
			ScanForSourceGeneratedMonoScriptInfo (1ms)
			ResolveRequiredComponents (2ms)
	FinalizeReload (1409ms)
		ReleaseScriptCaches (0ms)
		RebuildScriptCaches (0ms)
		SetupLoadedEditorAssemblies (1264ms)
			LogAssemblyErrors (0ms)
			InitializePlatformSupportModulesInManaged (587ms)
			SetLoadedEditorAssemblies (20ms)
			RefreshPlugins (0ms)
			BeforeProcessingInitializeOnLoad (13ms)
			ProcessInitializeOnLoadAttributes (436ms)
			ProcessInitializeOnLoadMethodAttributes (208ms)
			AfterProcessingInitializeOnLoad (0ms)
			EditorAssembliesLoaded (0ms)
		ExecutionOrderSort2 (0ms)
		AwakeInstancesAfterBackupRestoration (0ms)
========================================================================
Worker process is ready to serve import requests
Begin MonoManager ReloadAssembly
- Loaded All Assemblies, in  1.016 seconds
Refreshing native plugins compatible for Editor in 0.51 ms, found 0 plugins.
Native extension for iOS target not found
Native extension for Android target not found
Native extension for OSXStandalone target not found
Mono: successfully reloaded assembly
- Finished resetting the current domain, in  1.962 seconds
Domain Reload Profiling: 2980ms
	BeginReloadAssembly (340ms)
		ExecutionOrderSort (0ms)
		DisableScriptedObjects (42ms)
		BackupInstance (0ms)
		ReleaseScriptingObjects (0ms)
		CreateAndSetChildDomain (35ms)
	RebuildCommonClasses (47ms)
	RebuildNativeTypeToScriptingClass (13ms)
	initialDomainReloadingComplete (131ms)
	LoadAllAssembliesAndSetupDomain (484ms)
		LoadAssemblies (443ms)
		RebuildTransferFunctionScriptingTraits (0ms)
		AnalyzeDomain (199ms)
			TypeCache.Refresh (120ms)
				TypeCache.ScanAssembly (103ms)
			ScanForSourceGeneratedMonoScriptInfo (45ms)
			ResolveRequiredComponents (32ms)
	FinalizeReload (1964ms)
		ReleaseScriptCaches (0ms)
		RebuildScriptCaches (0ms)
		SetupLoadedEditorAssemblies (1516ms)
			LogAssemblyErrors (0ms)
			InitializePlatformSupportModulesInManaged (134ms)
			SetLoadedEditorAssemblies (8ms)
			RefreshPlugins (0ms)
			BeforeProcessingInitializeOnLoad (131ms)
			ProcessInitializeOnLoadAttributes (985ms)
			ProcessInitializeOnLoadMethodAttributes (256ms)
			AfterProcessingInitializeOnLoad (1ms)
			EditorAssembliesLoaded (1ms)
		ExecutionOrderSort2 (0ms)
		AwakeInstancesAfterBackupRestoration (12ms)
Launching external process: /Applications/Unity/Hub/Editor/2022.3.16f1/Unity.app/Contents/Tools/UnityShaderCompiler
Launched and connected shader compiler UnityShaderCompiler after 0.09 seconds
Refreshing native plugins compatible for Editor in 0.51 ms, found 0 plugins.
Preloading 0 native plugins for Editor in 0.00 ms.
Unloading 3391 Unused Serialized files (Serialized files now loaded: 0)
Unloading 152 unused Assets / (6.2 MB). Loaded Objects now: 3783.
Memory consumption went from 173.0 MB to 166.8 MB.
Total: 5.713000 ms (FindLiveObjects: 0.204208 ms CreateObjectMapping: 0.087875 ms MarkObjects: 2.927000 ms  DeleteObjects: 2.492875 ms)

AssetImportParameters requested are different than current active one (requested -> active):
  custom:container-demuxer-ogg: 62fdf1f143b41e24485cea50d1cbac27 -> 
  custom:video-decoder-ogg-theora: a1e56fd34408186e4bbccfd4996cb3dc -> 
  custom:CustomObjectIndexerAttribute: 4d1d7186bcbbfe361de5f0ad951e585c -> 
  custom:container-demuxer-webm: 4f35f7cbe854078d1ac9338744f61a02 -> 
  custom:container-muxer-webm: aa71ff27fc2769a1b78a27578f13a17b -> 
  custom:video-decoder-webm-vp8: 9c59270c3fd7afecdb556c50c9e8de78 -> 
  custom:SearchIndexIgnoredProperties: e643bd26f0fe6173181afceb89e7c659 -> 
  custom:AudioImporter_EditorPlatform: 3918e3fc78b5a79bad01e8451be0beb8 -> 
  custom:framework-osx-AVFoundation: e770b220cccbd017edd2c1fefb359320 -> 
  custom:video-encoder-webm-vp8: eb34c28f22e8b96e1ab97ce403110664 -> 
  custom:audio-decoder-ogg-vorbis: bf7c407c2cedff20999df2af8eb42d56 -> 
  custom:audio-encoder-webm-vorbis: bf7c407c2cedff20999df2af8eb42d56 -> 
========================================================================
Received Prepare
Begin MonoManager ReloadAssembly
- Loaded All Assemblies, in  0.727 seconds
Refreshing native plugins compatible for Editor in 0.48 ms, found 0 plugins.
Native extension for iOS target not found
Native extension for Android target not found
Native extension for OSXStandalone target not found
Mono: successfully reloaded assembly
- Finished resetting the current domain, in  2.049 seconds
Domain Reload Profiling: 2777ms
	BeginReloadAssembly (268ms)
		ExecutionOrderSort (0ms)
		DisableScriptedObjects (36ms)
		BackupInstance (0ms)
		ReleaseScriptingObjects (0ms)
		CreateAndSetChildDomain (39ms)
	RebuildCommonClasses (43ms)
	RebuildNativeTypeToScriptingClass (13ms)
	initialDomainReloadingComplete (65ms)
	LoadAllAssembliesAndSetupDomain (337ms)
		LoadAssemblies (397ms)
		RebuildTransferFunctionScriptingTraits (0ms)
		AnalyzeDomain (68ms)
			TypeCache.Refresh (8ms)
				TypeCache.ScanAssembly (1ms)
			ScanForSourceGeneratedMonoScriptInfo (29ms)
			ResolveRequiredComponents (30ms)
	FinalizeReload (2050ms)
		ReleaseScriptCaches (0ms)
		RebuildScriptCaches (0ms)
		SetupLoadedEditorAssemblies (1366ms)
			LogAssemblyErrors (0ms)
			InitializePlatformSupportModulesInManaged (108ms)
			SetLoadedEditorAssemblies (8ms)
			RefreshPlugins (0ms)
			BeforeProcessingInitializeOnLoad (130ms)
			ProcessInitializeOnLoadAttributes (882ms)
			ProcessInitializeOnLoadMethodAttributes (238ms)
			AfterProcessingInitializeOnLoad (1ms)
			EditorAssembliesLoaded (0ms)
		ExecutionOrderSort2 (0ms)
		AwakeInstancesAfterBackupRestoration (10ms)
Refreshing native plugins compatible for Editor in 0.49 ms, found 0 plugins.
Preloading 0 native plugins for Editor in 0.00 ms.
Unloading 3363 Unused Serialized files (Serialized files now loaded: 0)
Unloading 111 unused Assets / (6.1 MB). Loaded Objects now: 3798.
Memory consumption went from 171.6 MB to 165.5 MB.
Total: 5.482875 ms (FindLiveObjects: 0.199417 ms CreateObjectMapping: 0.093000 ms MarkObjects: 2.487584 ms  DeleteObjects: 2.701917 ms)

Prepare: number of updated asset objects reloaded= 0
AssetImportParameters requested are different than current active one (requested -> active):
  custom:container-demuxer-ogg: 62fdf1f143b41e24485cea50d1cbac27 -> 
  custom:video-decoder-ogg-theora: a1e56fd34408186e4bbccfd4996cb3dc -> 
  custom:CustomObjectIndexerAttribute: 4d1d7186bcbbfe361de5f0ad951e585c -> 
  custom:container-demuxer-webm: 4f35f7cbe854078d1ac9338744f61a02 -> 
  custom:container-muxer-webm: aa71ff27fc2769a1b78a27578f13a17b -> 
  custom:video-decoder-webm-vp8: 9c59270c3fd7afecdb556c50c9e8de78 -> 
  custom:SearchIndexIgnoredProperties: e643bd26f0fe6173181afceb89e7c659 -> 
  custom:AudioImporter_EditorPlatform: 3918e3fc78b5a79bad01e8451be0beb8 -> 
  custom:framework-osx-AVFoundation: e770b220cccbd017edd2c1fefb359320 -> 
  custom:video-encoder-webm-vp8: eb34c28f22e8b96e1ab97ce403110664 -> 
  custom:audio-decoder-ogg-vorbis: bf7c407c2cedff20999df2af8eb42d56 -> 
  custom:audio-encoder-webm-vorbis: bf7c407c2cedff20999df2af8eb42d56 -> 
========================================================================
Received Import Request.
  Time since last request: 8252.455545 seconds.
  path: Assets/SoundPacks/Footsteps sounds PRO
  artifactKey: Guid(aa9beffc05a594e78b57c30f260d371c) Importer(815301076,1909f56bfc062723c751e8b465ee728b)
Start importing Assets/SoundPacks/Footsteps sounds PRO using Guid(aa9beffc05a594e78b57c30f260d371c) Importer(815301076,1909f56bfc062723c751e8b465ee728b)  -> (artifact id: '8c5ea3ba5f161072f11cbf73f0ca3750') in 0.005924 seconds
Number of updated asset objects reloaded before import = 0
Number of asset objects unloaded after import = 0
========================================================================
Received Import Request.
  Time since last request: 0.034227 seconds.
  path: Assets/SoundPacks/Footsteps sounds PRO/footstepDirt_01.wav
  artifactKey: Guid(dfb3b38b18b9b9e4c9fc93c60ccd04b2) Importer(815301076,1909f56bfc062723c751e8b465ee728b)
Start importing Assets/SoundPacks/Footsteps sounds PRO/footstepDirt_01.wav using Guid(dfb3b38b18b9b9e4c9fc93c60ccd04b2) Importer(815301076,1909f56bfc062723c751e8b465ee728b)  -> (artifact id: '406151d2a1963987d0456297f7a052e5') in 0.218065 seconds
Number of updated asset objects reloaded before import = 0
Number of asset objects unloaded after import = 2
========================================================================
Received Import Request.
  Time since last request: 0.000063 seconds.
  path: Assets/SoundPacks/Footsteps sounds PRO/footstepDirt_04.wav
  artifactKey: Guid(61831aee089e6c74fa07271135e4674f) Importer(815301076,1909f56bfc062723c751e8b465ee728b)
Start importing Assets/SoundPacks/Footsteps sounds PRO/footstepDirt_04.wav using Guid(61831aee089e6c74fa07271135e4674f) Importer(815301076,1909f56bfc062723c751e8b465ee728b)  -> (artifact id: '070c52d468e6bc9a19733b77ab373687') in 0.010039 seconds
Number of updated asset objects reloaded before import = 0
Number of asset objects unloaded after import = 2
========================================================================
Received Import Request.
  Time since last request: 0.000089 seconds.
  path: Assets/SoundPacks/Footsteps sounds PRO/footstepFoliage_06.wav
  artifactKey: Guid(ec236b035bf2e034493368e827e97205) Importer(815301076,1909f56bfc062723c751e8b465ee728b)
Start importing Assets/SoundPacks/Footsteps sounds PRO/footstepFoliage_06.wav using Guid(ec236b035bf2e034493368e827e97205) Importer(815301076,1909f56bfc062723c751e8b465ee728b)  -> (artifact id: 'b5710745540567a0c719bade4cf35b9c') in 0.009828 seconds
Number of updated asset objects reloaded before import = 0
Number of asset objects unloaded after import = 2
========================================================================
Received Import Request.
  Time since last request: 0.000043 seconds.
  path: Assets/SoundPacks/Footsteps sounds PRO/footstepsWater_06.wav
  artifactKey: Guid(7e919978b3f17974dba3bd041e329d0c) Importer(815301076,1909f56bfc062723c751e8b465ee728b)
Start importing Assets/SoundPacks/Footsteps sounds PRO/footstepsWater_06.wav using Guid(7e919978b3f17974dba3bd041e329d0c) Importer(815301076,1909f56bfc062723c751e8b465ee728b)  -> (artifact id: 'a80e88e9adabdfdc01740470c80a4e2c') in 0.007297 seconds
Number of updated asset objects reloaded before import = 0
Number of asset objects unloaded after import = 2
========================================================================
Received Import Request.
  Time since last request: 0.000309 seconds.
  path: Assets/SoundPacks/Footsteps sounds PRO/footstepRock_05.wav
  artifactKey: Guid(fada3fb91cee4e548a051582c4be9bd6) Importer(815301076,1909f56bfc062723c751e8b465ee728b)
Start importing Assets/SoundPacks/Footsteps sounds PRO/footstepRock_05.wav using Guid(fada3fb91cee4e548a051582c4be9bd6) Importer(815301076,1909f56bfc062723c751e8b465ee728b)  -> (artifact id: 'c51b3af8460e030de856bbfc8448f132') in 0.006419 seconds
Number of updated asset objects reloaded before import = 0
Number of asset objects unloaded after import = 2
========================================================================
Received Import Request.
  Time since last request: 0.000046 seconds.
  path: Assets/SoundPacks/Footsteps sounds PRO/footstepsWater_04.wav
  artifactKey: Guid(b65a0de3443dbd44abd0d3333b9ff821) Importer(815301076,1909f56bfc062723c751e8b465ee728b)
Start importing Assets/SoundPacks/Footsteps sounds PRO/footstepsWater_04.wav using Guid(b65a0de3443dbd44abd0d3333b9ff821) Importer(815301076,1909f56bfc062723c751e8b465ee728b)  -> (artifact id: 'c34809da7c57edf1791c1062f196d485') in 0.008391 seconds
Number of updated asset objects reloaded before import = 0
Number of asset objects unloaded after import = 2
========================================================================
Received Import Request.
  Time since last request: 0.000049 seconds.
  path: Assets/SoundPacks/Footsteps sounds PRO/footstepsWater_03.wav
  artifactKey: Guid(6702c59b285f77046bc4e1f47210f302) Importer(815301076,1909f56bfc062723c751e8b465ee728b)
Start importing Assets/SoundPacks/Footsteps sounds PRO/footstepsWater_03.wav using Guid(6702c59b285f77046bc4e1f47210f302) Importer(815301076,1909f56bfc062723c751e8b465ee728b)  -> (artifact id: '20d37a2d0879e24c4220aae0546b15df') in 0.006197 seconds
Number of updated asset objects reloaded before import = 0
Number of asset objects unloaded after import = 2
========================================================================
Received Import Request.
  Time since last request: 0.000102 seconds.
  path: Assets/SoundPacks/Footsteps sounds PRO/footstepMetal_06.wav
  artifactKey: Guid(8fd3ca1e3c5ee264991aed56a31988d5) Importer(815301076,1909f56bfc062723c751e8b465ee728b)
Start importing Assets/SoundPacks/Footsteps sounds PRO/footstepMetal_06.wav using Guid(8fd3ca1e3c5ee264991aed56a31988d5) Importer(815301076,1909f56bfc062723c751e8b465ee728b)  -> (artifact id: 'e6174fa74ef6642513c7b93eae6f35f1') in 0.006488 seconds
Number of updated asset objects reloaded before import = 0
Number of asset objects unloaded after import = 2
========================================================================
Received Import Request.
  Time since last request: 0.000069 seconds.
  path: Assets/SoundPacks/Footsteps sounds PRO/footstepWood2_01.wav
  artifactKey: Guid(e088d4950c733624dafc3cff2d851632) Importer(815301076,1909f56bfc062723c751e8b465ee728b)
Start importing Assets/SoundPacks/Footsteps sounds PRO/footstepWood2_01.wav using Guid(e088d4950c733624dafc3cff2d851632) Importer(815301076,1909f56bfc062723c751e8b465ee728b)  -> (artifact id: '6926ff24572e9e08337a9032d9f3a0b8') in 0.007306 seconds
Number of updated asset objects reloaded before import = 0
Number of asset objects unloaded after import = 2
========================================================================
Received Import Request.
  Time since last request: 0.000094 seconds.
  path: Assets/SoundPacks/Footsteps sounds PRO/footstepDirt_03.wav
  artifactKey: Guid(9cfd7f5508cf83f4d885613af01f8f53) Importer(815301076,1909f56bfc062723c751e8b465ee728b)
Start importing Assets/SoundPacks/Footsteps sounds PRO/footstepDirt_03.wav using Guid(9cfd7f5508cf83f4d885613af01f8f53) Importer(815301076,1909f56bfc062723c751e8b465ee728b)  -> (artifact id: '7fddfbb11625ce727839cccf9e6d5c3d') in 0.006151 seconds
Number of updated asset objects reloaded before import = 0
Number of asset objects unloaded after import = 2
========================================================================
Received Import Request.
  Time since last request: 0.000099 seconds.
  path: Assets/SoundPacks/Footsteps sounds PRO/footstepFoliage_02.wav
  artifactKey: Guid(96ea8036d6e8baf4b848cd0d92c97879) Importer(815301076,1909f56bfc062723c751e8b465ee728b)
Start importing Assets/SoundPacks/Footsteps sounds PRO/footstepFoliage_02.wav using Guid(96ea8036d6e8baf4b848cd0d92c97879) Importer(815301076,1909f56bfc062723c751e8b465ee728b)  -> (artifact id: 'cf1ee672f83f2f3a9a4bf8e99d4ef720') in 0.005954 seconds
Number of updated asset objects reloaded before import = 0
Number of asset objects unloaded after import = 2
========================================================================
Received Import Request.
  Time since last request: 0.000062 seconds.
  path: Assets/SoundPacks/Footsteps sounds PRO/footstepsWater_02.wav
  artifactKey: Guid(577ebfa96116db945b8eeedfeef9a21d) Importer(815301076,1909f56bfc062723c751e8b465ee728b)
Start importing Assets/SoundPacks/Footsteps sounds PRO/footstepsWater_02.wav using Guid(577ebfa96116db945b8eeedfeef9a21d) Importer(815301076,1909f56bfc062723c751e8b465ee728b)  -> (artifact id: '8effde48a78cf231c8c6f5a73e3b1a02') in 0.008183 seconds
Number of updated asset objects reloaded before import = 0
Number of asset objects unloaded after import = 2
========================================================================
Received Import Request.
  Time since last request: 0.000089 seconds.
  path: Assets/SoundPacks/Footsteps sounds PRO/footstepFoliage_03.wav
  artifactKey: Guid(8c6d39eb482a4844693ee8b85f0ee4a1) Importer(815301076,1909f56bfc062723c751e8b465ee728b)
Start importing Assets/SoundPacks/Footsteps sounds PRO/footstepFoliage_03.wav using Guid(8c6d39eb482a4844693ee8b85f0ee4a1) Importer(815301076,1909f56bfc062723c751e8b465ee728b)  -> (artifact id: '865fc1e5881907d5fb1bd576a6081ddd') in 0.006357 seconds
Number of updated asset objects reloaded before import = 0
Number of asset objects unloaded after import = 2
========================================================================
Received Import Request.
  Time since last request: 0.000100 seconds.
  path: Assets/SoundPacks/Footsteps sounds PRO/footstepMetal_05.wav
  artifactKey: Guid(913b9fb4814224547a083def86e66efa) Importer(815301076,1909f56bfc062723c751e8b465ee728b)
Start importing Assets/SoundPacks/Footsteps sounds PRO/footstepMetal_05.wav using Guid(913b9fb4814224547a083def86e66efa) Importer(815301076,1909f56bfc062723c751e8b465ee728b)  -> (artifact id: '3223f9961b2b8029e6967dce853a708c') in 0.006524 seconds
Number of updated asset objects reloaded before import = 0
Number of asset objects unloaded after import = 2
========================================================================
Received Import Request.
  Time since last request: 0.000111 seconds.
  path: Assets/SoundPacks/Footsteps sounds PRO/footstepDirt_05.wav
  artifactKey: Guid(0891be443592a2b4ca86fea4272a8957) Importer(815301076,1909f56bfc062723c751e8b465ee728b)
Start importing Assets/SoundPacks/Footsteps sounds PRO/footstepDirt_05.wav using Guid(0891be443592a2b4ca86fea4272a8957) Importer(815301076,1909f56bfc062723c751e8b465ee728b)  -> (artifact id: 'd71f2c06caeaaad6b9e4930433886e43') in 0.007311 seconds
Number of updated asset objects reloaded before import = 0
Number of asset objects unloaded after import = 2
========================================================================
Received Import Request.
  Time since last request: 0.000098 seconds.
  path: Assets/SoundPacks/Footsteps sounds PRO/footstepDirt_06.wav
  artifactKey: Guid(8426f3b25270a454ca5c0cd84a68a748) Importer(815301076,1909f56bfc062723c751e8b465ee728b)
Start importing Assets/SoundPacks/Footsteps sounds PRO/footstepDirt_06.wav using Guid(8426f3b25270a454ca5c0cd84a68a748) Importer(815301076,1909f56bfc062723c751e8b465ee728b)  -> (artifact id: '8eeab073ec424fe4b603129ed9571f2a') in 0.009139 seconds
Number of updated asset objects reloaded before import = 0
Number of asset objects unloaded after import = 2
========================================================================
Received Prepare
Begin MonoManager ReloadAssembly
- Loaded All Assemblies, in  0.709 seconds
Refreshing native plugins compatible for Editor in 0.49 ms, found 0 plugins.
Native extension for iOS target not found
Native extension for Android target not found
Native extension for OSXStandalone target not found
Mono: successfully reloaded assembly
- Finished resetting the current domain, in  2.083 seconds
Domain Reload Profiling: 2793ms
	BeginReloadAssembly (297ms)
		ExecutionOrderSort (0ms)
		DisableScriptedObjects (41ms)
		BackupInstance (0ms)
		ReleaseScriptingObjects (0ms)
		CreateAndSetChildDomain (45ms)
	RebuildCommonClasses (44ms)
	RebuildNativeTypeToScriptingClass (13ms)
	initialDomainReloadingComplete (68ms)
	LoadAllAssembliesAndSetupDomain (287ms)
		LoadAssemblies (388ms)
		RebuildTransferFunctionScriptingTraits (0ms)
		AnalyzeDomain (36ms)
			TypeCache.Refresh (6ms)
				TypeCache.ScanAssembly (0ms)
			ScanForSourceGeneratedMonoScriptInfo (0ms)
			ResolveRequiredComponents (30ms)
	FinalizeReload (2084ms)
		ReleaseScriptCaches (0ms)
		RebuildScriptCaches (0ms)
		SetupLoadedEditorAssemblies (1360ms)
			LogAssemblyErrors (0ms)
			InitializePlatformSupportModulesInManaged (111ms)
			SetLoadedEditorAssemblies (9ms)
			RefreshPlugins (0ms)
			BeforeProcessingInitializeOnLoad (125ms)
			ProcessInitializeOnLoadAttributes (863ms)
			ProcessInitializeOnLoadMethodAttributes (250ms)
			AfterProcessingInitializeOnLoad (1ms)
			EditorAssembliesLoaded (0ms)
		ExecutionOrderSort2 (0ms)
		AwakeInstancesAfterBackupRestoration (10ms)
Refreshing native plugins compatible for Editor in 0.51 ms, found 0 plugins.
Preloading 0 native plugins for Editor in 0.00 ms.
Unloading 3363 Unused Serialized files (Serialized files now loaded: 0)
Unloading 111 unused Assets / (6.1 MB). Loaded Objects now: 3822.
Memory consumption went from 178.4 MB to 172.3 MB.
Total: 5.841167 ms (FindLiveObjects: 0.188666 ms CreateObjectMapping: 0.087000 ms MarkObjects: 2.547667 ms  DeleteObjects: 3.017000 ms)

Prepare: number of updated asset objects reloaded= 0
AssetImportParameters requested are different than current active one (requested -> active):
  custom:container-demuxer-ogg: 62fdf1f143b41e24485cea50d1cbac27 -> 
  custom:video-decoder-ogg-theora: a1e56fd34408186e4bbccfd4996cb3dc -> 
  custom:CustomObjectIndexerAttribute: 4d1d7186bcbbfe361de5f0ad951e585c -> 
  custom:container-demuxer-webm: 4f35f7cbe854078d1ac9338744f61a02 -> 
  custom:container-muxer-webm: aa71ff27fc2769a1b78a27578f13a17b -> 
  custom:video-decoder-webm-vp8: 9c59270c3fd7afecdb556c50c9e8de78 -> 
  custom:SearchIndexIgnoredProperties: e643bd26f0fe6173181afceb89e7c659 -> 
  custom:AudioImporter_EditorPlatform: 3918e3fc78b5a79bad01e8451be0beb8 -> 
  custom:framework-osx-AVFoundation: e770b220cccbd017edd2c1fefb359320 -> 
  custom:video-encoder-webm-vp8: eb34c28f22e8b96e1ab97ce403110664 -> 
  custom:audio-decoder-ogg-vorbis: bf7c407c2cedff20999df2af8eb42d56 -> 
  custom:audio-encoder-webm-vorbis: bf7c407c2cedff20999df2af8eb42d56 -> 
========================================================================
Received Import Request.
  Time since last request: 69.215071 seconds.
  path: Assets/SoundPacks/Footsteps sounds PRO/footstepWood2_02.wav
  artifactKey: Guid(e7a0a47824e7fe546a6db825113e53e6) Importer(815301076,1909f56bfc062723c751e8b465ee728b)
Start importing Assets/SoundPacks/Footsteps sounds PRO/footstepWood2_02.wav using Guid(e7a0a47824e7fe546a6db825113e53e6) Importer(815301076,1909f56bfc062723c751e8b465ee728b)  -> (artifact id: '0704b7c9e4ee645714e7eb7bd540e805') in 0.122007 seconds
Number of updated asset objects reloaded before import = 0
Number of asset objects unloaded after import = 2
========================================================================
Received Import Request.
  Time since last request: 0.000062 seconds.
  path: Assets/SoundPacks/Footsteps sounds PRO/footstepWood2_06.wav
  artifactKey: Guid(75dd3867c79a57c4ba5eb78dcc3cbcb2) Importer(815301076,1909f56bfc062723c751e8b465ee728b)
Start importing Assets/SoundPacks/Footsteps sounds PRO/footstepWood2_06.wav using Guid(75dd3867c79a57c4ba5eb78dcc3cbcb2) Importer(815301076,1909f56bfc062723c751e8b465ee728b)  -> (artifact id: 'e60c3bd26f5ea403bcb089ed84303fc0') in 0.011505 seconds
Number of updated asset objects reloaded before import = 0
Number of asset objects unloaded after import = 2
========================================================================
Received Import Request.
  Time since last request: 0.000157 seconds.
  path: Assets/SoundPacks/Footsteps sounds PRO/footstepWood2_05.wav
  artifactKey: Guid(ca08a8de89d038a49b468250b88661cb) Importer(815301076,1909f56bfc062723c751e8b465ee728b)
Start importing Assets/SoundPacks/Footsteps sounds PRO/footstepWood2_05.wav using Guid(ca08a8de89d038a49b468250b88661cb) Importer(815301076,1909f56bfc062723c751e8b465ee728b)  -> (artifact id: '9b5a6f9fa7a2ee34de74cc90d12c7c92') in 0.006373 seconds
Number of updated asset objects reloaded before import = 0
Number of asset objects unloaded after import = 2
========================================================================
Received Import Request.
  Time since last request: 6.599986 seconds.
  path: Assets/SoundPacks/Footsteps sounds PRO/footstepWood_01.wav
  artifactKey: Guid(eacacf27810f1fb4aad29297a73dd5c0) Importer(815301076,1909f56bfc062723c751e8b465ee728b)
Start importing Assets/SoundPacks/Footsteps sounds PRO/footstepWood_01.wav using Guid(eacacf27810f1fb4aad29297a73dd5c0) Importer(815301076,1909f56bfc062723c751e8b465ee728b)  -> (artifact id: '48b46bdf3e30e4d717d2a83476014873') in 0.007876 seconds
Number of updated asset objects reloaded before import = 0
Number of asset objects unloaded after import = 2
